{"C:\\Users\\NGUP\\Documents\\university\\PRIMO\\merge_unit_test_typescript\\src\\index.ts": {"path":"C:\\Users\\NGUP\\Documents\\university\\PRIMO\\merge_unit_test_typescript\\src\\index.ts","statementMap":{"0":{"start":{"line":3,"column":27},"end":{"line":3,"column":29}},"1":{"start":{"line":3,"column":40},"end":{"line":3,"column":41}},"2":{"start":{"line":3,"column":52},"end":{"line":3,"column":53}},"3":{"start":{"line":6,"column":4},"end":{"line":8,"column":5}},"4":{"start":{"line":7,"column":8},"end":{"line":7,"column":76}},"5":{"start":{"line":13,"column":4},"end":{"line":21,"column":5}},"6":{"start":{"line":14,"column":8},"end":{"line":20,"column":9}},"7":{"start":{"line":15,"column":12},"end":{"line":15,"column":46}},"8":{"start":{"line":16,"column":12},"end":{"line":16,"column":21}},"9":{"start":{"line":18,"column":12},"end":{"line":18,"column":46}},"10":{"start":{"line":19,"column":12},"end":{"line":19,"column":21}},"11":{"start":{"line":24,"column":4},"end":{"line":24,"column":88}},"12":{"start":{"line":2,"column":0},"end":{"line":2,"column":16}},"13":{"start":{"line":28,"column":13},"end":{"line":28,"column":59}},"14":{"start":{"line":29,"column":0},"end":{"line":29,"column":20}}},"fnMap":{"0":{"name":"merge","decl":{"start":{"line":2,"column":16},"end":{"line":2,"column":21}},"loc":{"start":{"line":2,"column":68},"end":{"line":25,"column":1}}}},"branchMap":{"0":{"loc":{"start":{"line":6,"column":4},"end":{"line":8,"column":5}},"type":"if","locations":[{"start":{"line":6,"column":4},"end":{"line":8,"column":5}}]},"1":{"loc":{"start":{"line":6,"column":8},"end":{"line":6,"column":86}},"type":"binary-expr","locations":[{"start":{"line":6,"column":8},"end":{"line":6,"column":45}},{"start":{"line":6,"column":49},"end":{"line":6,"column":86}}]},"2":{"loc":{"start":{"line":13,"column":11},"end":{"line":13,"column":71}},"type":"binary-expr","locations":[{"start":{"line":13,"column":11},"end":{"line":13,"column":39}},{"start":{"line":13,"column":43},"end":{"line":13,"column":71}}]},"3":{"loc":{"start":{"line":14,"column":8},"end":{"line":20,"column":9}},"type":"if","locations":[{"start":{"line":14,"column":8},"end":{"line":20,"column":9}},{"start":{"line":17,"column":15},"end":{"line":20,"column":9}}]}},"s":{"0":6,"1":6,"2":6,"3":6,"4":1,"5":5,"6":21,"7":12,"8":12,"9":9,"10":9,"11":5,"12":1,"13":1,"14":1},"f":{"0":6},"b":{"0":[1],"1":[6,5],"2":[26,23],"3":[12,9]}}
}
